        -:    0:Source:C:/Users/roxan/CLionProjects/oop/inchiriere_masini/ListaDeLucru.cpp
        -:    0:Graph:C:\Users\roxan\CLionProjects\oop\inchiriere_masini\cmake-build-debug-coverage\CMakeFiles\inchiriere_masini.dir\ListaDeLucru.cpp.gcno
        -:    0:Data:C:\Users\roxan\CLionProjects\oop\inchiriere_masini\cmake-build-debug-coverage\CMakeFiles\inchiriere_masini.dir\ListaDeLucru.cpp.gcda
        -:    0:Runs:1
        -:    1:#include "ListaDeLucru.h"
        -:    2:using std::shuffle;
        -:    3:
function _ZN12ListaDeLucru20addCarToListaDeLucruERK3Car called 1 returned 100% blocks executed 100%
        1:    4:void ListaDeLucru::addCarToListaDeLucru(const Car &c) {
        1:    5:    this->deSpalat.push_back(c);
        1:    5-block  0
call    0 returned 1
        1:    6:}
        -:    7:
function _ZN12ListaDeLucru17emptyListaDeLucruEv called 1 returned 100% blocks executed 100%
        1:    8:void ListaDeLucru::emptyListaDeLucru() {
        1:    9:    this->deSpalat.clear();
        1:    9-block  0
call    0 returned 1
        1:   10:}
        -:   11:
function _ZN12ListaDeLucru13addRandomCarsESt6vectorI3CarSaIS1_EEi called 2 returned 100% blocks executed 95%
        2:   12:void ListaDeLucru::addRandomCars(vector<Car> originalCars, int howMany) {
        2:   13:    shuffle(originalCars.begin(),originalCars.end(),std::default_random_engine(std::random_device{}())); // se amesteca vectorul
        2:   13-block  0
call    0 returned 2
call    1 returned 2
branch  2 taken 2 (fallthrough)
branch  3 taken 0 (throw)
        2:   13-block  1
call    4 returned 2
branch  5 taken 2 (fallthrough)
branch  6 taken 0 (throw)
        2:   13-block  2
call    7 returned 2
call    8 returned 2
call    9 returned 2
branch 10 taken 2 (fallthrough)
branch 11 taken 0 (throw)
    $$$$$:   13-block  3
        7:   14:    while(deSpalat.size() < howMany && originalCars.size() > 0)
        2:   14-block  0
        7:   14-block  1
call    0 returned 7
branch  1 taken 5 (fallthrough)
branch  2 taken 2
        5:   14-block  2
call    3 returned 5
branch  4 taken 5 (fallthrough)
branch  5 taken 0
        5:   14-block  3
        2:   14-block  4
        7:   14-block  5
branch  6 taken 5
branch  7 taken 2 (fallthrough)
        -:   15:    {
        5:   16:        deSpalat.push_back(originalCars.back());
        5:   16-block  0
call    0 returned 5
call    1 returned 5
        5:   17:        originalCars.pop_back();
call    0 returned 5
        -:   18:    }
        2:   19:}
        2:   19-block  0
        -:   20:
function _ZNK12ListaDeLucru14getAlldeSpalatEv called 10 returned 100% blocks executed 100%
       10:   21:const vector<Car> & ListaDeLucru::getAlldeSpalat() const {
       10:   22:    return this->deSpalat;
       10:   22-block  0
        -:   23:}
        -:   24:
        -:   25:
