        -:    0:Source:C:/Users/roxan/CLionProjects/oop/inchiriere_masini/main.cpp
        -:    0:Graph:C:\Users\roxan\CLionProjects\oop\inchiriere_masini\cmake-build-debug-coverage\CMakeFiles\inchiriere_masini.dir\main.cpp.gcno
        -:    0:Data:C:\Users\roxan\CLionProjects\oop\inchiriere_masini\cmake-build-debug-coverage\CMakeFiles\inchiriere_masini.dir\main.cpp.gcda
        -:    0:Runs:1
        -:    1:#include <iostream>
        -:    2:#include "UI.h"
        -:    3:#include "Car.h"
        -:    4:#include "Repository.h"
        -:    5:#include "Service.h"
        -:    6:#include "VectorDinamicTemplate.h"
        -:    7:
        -:    8:using std::cout;
        -:    9:using std::endl;
        -:   10:
function _Z7testAllv called 1 returned 100% blocks executed 100%
        1:   11:void testAll()
        -:   12:{
        1:   13:    testeDomain();
        1:   13-block  0
call    0 returned 1
        1:   14:    cout<<"Finished domain tests.\n";
call    0 returned 1
        1:   15:    testeRepo();
call    0 returned 1
        1:   16:    cout<<"Finished repo tests.\n";
call    0 returned 1
        1:   17:    testeService();
call    0 returned 1
        1:   18:    cout<<"Finished service tests.\n";
call    0 returned 1
        1:   19:}
        -:   20:
function _Z8startAppv called 1 returned 100% blocks executed 67%
        1:   21:void startApp()
        -:   22:{
        -:   23:   //LabRepo repo{0.5};
        1:   24:   Repository repo;
        1:   24-block  0
call    0 returned 1
        -:   25:    Validator val;
        1:   26:    Service srv{repo, val};
call    0 returned 1
        1:   27:    UI ui{srv};
call    0 returned 1
        -:   28:
        1:   29:    ui.run();
call    0 returned 1
branch  1 taken 1 (fallthrough)
branch  2 taken 0 (throw)
        1:   30:}
        1:   30-block  0
call    0 returned 1
call    1 returned 1
    $$$$$:   30-block  1
call    2 never executed
    $$$$$:   30-block  2
call    3 never executed
        -:   31:
function main called 1 returned 100% blocks executed 100%
        1:   32:int main() {
        1:   33:    testAll();
        1:   33-block  0
call    0 returned 1
        1:   34:    startApp();
call    0 returned 1
        1:   35:    return 0;
        -:   36:}
